[debug] [2023-04-27T20:43:42.386Z] ----------------------------------------------------------------------
[debug] [2023-04-27T20:43:42.389Z] Command:       C:\Program Files\nodejs\node.exe C:\Users\ELMasria\AppData\Roaming\npm\node_modules\firebase-tools\lib\bin\firebase.js deploy --only functions
[debug] [2023-04-27T20:43:42.390Z] CLI Version:   11.24.1
[debug] [2023-04-27T20:43:42.390Z] Platform:      win32
[debug] [2023-04-27T20:43:42.390Z] Node Version:  v16.7.0
[debug] [2023-04-27T20:43:42.391Z] Time:          Thu Apr 27 2023 22:43:42 GMT+0200 (Eastern European Standard Time)
[debug] [2023-04-27T20:43:42.392Z] ----------------------------------------------------------------------
[debug] 
[debug] [2023-04-27T20:43:42.398Z] >>> [apiv2][query] GET https://firebase-public.firebaseio.com/cli.json [none]
[debug] [2023-04-27T20:43:42.559Z] > command requires scopes: ["email","openid","https://www.googleapis.com/auth/cloudplatformprojects.readonly","https://www.googleapis.com/auth/firebase","https://www.googleapis.com/auth/cloud-platform"]
[debug] [2023-04-27T20:43:42.560Z] > authorizing via signed-in user (youssefkatry907@gmail.com)
[debug] [2023-04-27T20:43:42.560Z] [iam] checking project family-88c8c for permissions ["cloudfunctions.functions.create","cloudfunctions.functions.delete","cloudfunctions.functions.get","cloudfunctions.functions.list","cloudfunctions.functions.update","cloudfunctions.operations.get","firebase.projects.get"]
[debug] [2023-04-27T20:43:42.562Z] > refreshing access token with scopes: []
[debug] [2023-04-27T20:43:42.563Z] >>> [apiv2][query] POST https://www.googleapis.com/oauth2/v3/token [none]
[debug] [2023-04-27T20:43:42.563Z] >>> [apiv2][body] POST https://www.googleapis.com/oauth2/v3/token [omitted]
[debug] [2023-04-27T20:43:42.896Z] <<< [apiv2][status] POST https://www.googleapis.com/oauth2/v3/token 200
[debug] [2023-04-27T20:43:42.896Z] <<< [apiv2][body] POST https://www.googleapis.com/oauth2/v3/token [omitted]
[debug] [2023-04-27T20:43:42.910Z] >>> [apiv2][query] POST https://cloudresourcemanager.googleapis.com/v1/projects/family-88c8c:testIamPermissions [none]
[debug] [2023-04-27T20:43:42.910Z] >>> [apiv2][(partial)header] POST https://cloudresourcemanager.googleapis.com/v1/projects/family-88c8c:testIamPermissions x-goog-quota-user=projects/family-88c8c
[debug] [2023-04-27T20:43:42.910Z] >>> [apiv2][body] POST https://cloudresourcemanager.googleapis.com/v1/projects/family-88c8c:testIamPermissions {"permissions":["cloudfunctions.functions.create","cloudfunctions.functions.delete","cloudfunctions.functions.get","cloudfunctions.functions.list","cloudfunctions.functions.update","cloudfunctions.operations.get","firebase.projects.get"]}
[debug] [2023-04-27T20:43:42.972Z] <<< [apiv2][status] GET https://firebase-public.firebaseio.com/cli.json 200
[debug] [2023-04-27T20:43:42.972Z] <<< [apiv2][body] GET https://firebase-public.firebaseio.com/cli.json {"cloudBuildErrorAfter":1594252800000,"cloudBuildWarnAfter":1590019200000,"defaultNode10After":1594252800000,"minVersion":"3.0.5","node8DeploysDisabledAfter":1613390400000,"node8RuntimeDisabledAfter":1615809600000,"node8WarnAfter":1600128000000}
[debug] [2023-04-27T20:43:43.774Z] <<< [apiv2][status] POST https://cloudresourcemanager.googleapis.com/v1/projects/family-88c8c:testIamPermissions 200
[debug] [2023-04-27T20:43:43.775Z] <<< [apiv2][body] POST https://cloudresourcemanager.googleapis.com/v1/projects/family-88c8c:testIamPermissions {"permissions":["cloudfunctions.functions.create","cloudfunctions.functions.delete","cloudfunctions.functions.get","cloudfunctions.functions.list","cloudfunctions.functions.update","cloudfunctions.operations.get","firebase.projects.get"]}
[debug] [2023-04-27T20:43:43.776Z] >>> [apiv2][query] POST https://iam.googleapis.com/v1/projects/family-88c8c/serviceAccounts/family-88c8c@appspot.gserviceaccount.com:testIamPermissions [none]
[debug] [2023-04-27T20:43:43.776Z] >>> [apiv2][body] POST https://iam.googleapis.com/v1/projects/family-88c8c/serviceAccounts/family-88c8c@appspot.gserviceaccount.com:testIamPermissions {"permissions":["iam.serviceAccounts.actAs"]}
[debug] [2023-04-27T20:43:44.599Z] <<< [apiv2][status] POST https://iam.googleapis.com/v1/projects/family-88c8c/serviceAccounts/family-88c8c@appspot.gserviceaccount.com:testIamPermissions 200
[debug] [2023-04-27T20:43:44.600Z] <<< [apiv2][body] POST https://iam.googleapis.com/v1/projects/family-88c8c/serviceAccounts/family-88c8c@appspot.gserviceaccount.com:testIamPermissions {"permissions":["iam.serviceAccounts.actAs"]}
[info] 
[info] === Deploying to 'family-88c8c'...
[info] 
[info] i  deploying functions 
[debug] [2023-04-27T20:43:44.622Z] >>> [apiv2][query] GET https://firebase.googleapis.com/v1beta1/projects/family-88c8c [none]
[debug] [2023-04-27T20:43:45.060Z] <<< [apiv2][status] GET https://firebase.googleapis.com/v1beta1/projects/family-88c8c 200
[debug] [2023-04-27T20:43:45.060Z] <<< [apiv2][body] GET https://firebase.googleapis.com/v1beta1/projects/family-88c8c {"projectId":"family-88c8c","projectNumber":"50463565337","displayName":"Family","name":"projects/family-88c8c","resources":{"hostingSite":"family-88c8c","storageBucket":"family-88c8c.appspot.com","locationId":"us-central"},"state":"ACTIVE","etag":"1_4df30553-5f09-4c09-9434-d6d835518d4e"}
[info] i  functions: preparing codebase default for deployment 
[info] i  functions: ensuring required API cloudfunctions.googleapis.com is enabled... 
[info] i  functions: ensuring required API cloudbuild.googleapis.com is enabled... 
[info] i  artifactregistry: ensuring required API artifactregistry.googleapis.com is enabled... 
[debug] [2023-04-27T20:43:45.064Z] >>> [apiv2][query] GET https://serviceusage.googleapis.com/v1/projects/family-88c8c/services/cloudfunctions.googleapis.com [none]
[debug] [2023-04-27T20:43:45.064Z] >>> [apiv2][(partial)header] GET https://serviceusage.googleapis.com/v1/projects/family-88c8c/services/cloudfunctions.googleapis.com x-goog-quota-user=projects/family-88c8c
[debug] [2023-04-27T20:43:45.066Z] >>> [apiv2][query] GET https://serviceusage.googleapis.com/v1/projects/family-88c8c/services/runtimeconfig.googleapis.com [none]
[debug] [2023-04-27T20:43:45.066Z] >>> [apiv2][(partial)header] GET https://serviceusage.googleapis.com/v1/projects/family-88c8c/services/runtimeconfig.googleapis.com x-goog-quota-user=projects/family-88c8c
[debug] [2023-04-27T20:43:45.068Z] >>> [apiv2][query] GET https://serviceusage.googleapis.com/v1/projects/family-88c8c/services/cloudbuild.googleapis.com [none]
[debug] [2023-04-27T20:43:45.069Z] >>> [apiv2][(partial)header] GET https://serviceusage.googleapis.com/v1/projects/family-88c8c/services/cloudbuild.googleapis.com x-goog-quota-user=projects/family-88c8c
[debug] [2023-04-27T20:43:45.071Z] >>> [apiv2][query] GET https://serviceusage.googleapis.com/v1/projects/family-88c8c/services/artifactregistry.googleapis.com [none]
[debug] [2023-04-27T20:43:45.071Z] >>> [apiv2][(partial)header] GET https://serviceusage.googleapis.com/v1/projects/family-88c8c/services/artifactregistry.googleapis.com x-goog-quota-user=projects/family-88c8c
[debug] [2023-04-27T20:43:46.128Z] <<< [apiv2][status] GET https://serviceusage.googleapis.com/v1/projects/family-88c8c/services/artifactregistry.googleapis.com 200
[debug] [2023-04-27T20:43:46.129Z] <<< [apiv2][body] GET https://serviceusage.googleapis.com/v1/projects/family-88c8c/services/artifactregistry.googleapis.com [omitted]
[info] +  artifactregistry: required API artifactregistry.googleapis.com is enabled 
[debug] [2023-04-27T20:43:46.136Z] <<< [apiv2][status] GET https://serviceusage.googleapis.com/v1/projects/family-88c8c/services/cloudbuild.googleapis.com 200
[debug] [2023-04-27T20:43:46.136Z] <<< [apiv2][body] GET https://serviceusage.googleapis.com/v1/projects/family-88c8c/services/cloudbuild.googleapis.com [omitted]
[info] +  functions: required API cloudbuild.googleapis.com is enabled 
[debug] [2023-04-27T20:43:46.139Z] <<< [apiv2][status] GET https://serviceusage.googleapis.com/v1/projects/family-88c8c/services/cloudfunctions.googleapis.com 200
[debug] [2023-04-27T20:43:46.140Z] <<< [apiv2][body] GET https://serviceusage.googleapis.com/v1/projects/family-88c8c/services/cloudfunctions.googleapis.com [omitted]
[info] +  functions: required API cloudfunctions.googleapis.com is enabled 
[debug] [2023-04-27T20:43:46.145Z] <<< [apiv2][status] GET https://serviceusage.googleapis.com/v1/projects/family-88c8c/services/runtimeconfig.googleapis.com 200
[debug] [2023-04-27T20:43:46.146Z] <<< [apiv2][body] GET https://serviceusage.googleapis.com/v1/projects/family-88c8c/services/runtimeconfig.googleapis.com [omitted]
[debug] [2023-04-27T20:43:46.148Z] >>> [apiv2][query] GET https://firebase.googleapis.com/v1beta1/projects/family-88c8c/adminSdkConfig [none]
[debug] [2023-04-27T20:43:46.483Z] <<< [apiv2][status] GET https://firebase.googleapis.com/v1beta1/projects/family-88c8c/adminSdkConfig 200
[debug] [2023-04-27T20:43:46.484Z] <<< [apiv2][body] GET https://firebase.googleapis.com/v1beta1/projects/family-88c8c/adminSdkConfig {"projectId":"family-88c8c","storageBucket":"family-88c8c.appspot.com","locationId":"us-central"}
[debug] [2023-04-27T20:43:46.485Z] >>> [apiv2][query] GET https://runtimeconfig.googleapis.com/v1beta1/projects/family-88c8c/configs [none]
[debug] [2023-04-27T20:43:47.437Z] <<< [apiv2][status] GET https://runtimeconfig.googleapis.com/v1beta1/projects/family-88c8c/configs 200
[debug] [2023-04-27T20:43:47.438Z] <<< [apiv2][body] GET https://runtimeconfig.googleapis.com/v1beta1/projects/family-88c8c/configs {}
[debug] [2023-04-27T20:43:47.451Z] Validating nodejs source
[warn] !  functions: package.json indicates an outdated version of firebase-functions. Please upgrade using npm install --save firebase-functions@latest in your functions directory. 
[debug] [2023-04-27T20:43:49.640Z] > [functions] package.json contents: {
  "name": "functions",
  "description": "Cloud Functions for Firebase",
  "scripts": {
    "serve": "firebase emulators:start --only functions",
    "shell": "firebase functions:shell",
    "start": "node config/server.js",
    "deploy": "firebase deploy --only functions",
    "logs": "firebase functions:log"
  },
  "engines": {
    "node": "16"
  },
  "main": "index.js",
  "dependencies": {
    "bcrypt": "^5.1.0",
    "dotenv": "^16.0.3",
    "dotnet": "^1.1.4",
    "express": "^4.18.2",
    "firebase-admin": "^11.5.0",
    "firebase-functions": "^4.2.0",
    "gitignore": "^0.7.0",
    "joi": "^17.8.4",
    "jsonwebtoken": "^9.0.0",
    "mongoose": "^7.0.2",
    "multer": "^1.4.5-lts.1",
    "nodemon": "^2.0.21",
    "socket.io": "^4.6.1"
  },
  "devDependencies": {
    "firebase-functions-test": "^3.0.0"
  },
  "private": true
}
[debug] [2023-04-27T20:43:49.640Z] Building nodejs source
[debug] [2023-04-27T20:43:49.642Z] Could not find functions.yaml. Must use http discovery
[debug] [2023-04-27T20:43:49.712Z] Found firebase-functions binary at 'F:\Backend Projects\MyFamily\functions\node_modules\.bin\firebase-functions'
[debug] [2023-04-27T20:43:50.461Z] Serving at port 8607

[debug] [2023-04-27T20:44:00.502Z] Got response from /__/functions.yaml {"endpoints":{"familyFinal":{"platform":"gcfv1","availableMemoryMb":null,"timeoutSeconds":null,"minInstances":null,"maxInstances":null,"ingressSettings":null,"serviceAccountEmail":null,"vpc":null,"httpsTrigger":{},"entryPoint":"familyFinal"}},"specVersion":"v1alpha1","requiredAPIs":[]}
[debug] [2023-04-27T20:44:00.521Z] shutdown requested via /__/quitquitquit

[debug] [2023-04-27T20:44:02.234Z] Connected to MongoDB database successfully!

[debug] [2023-04-27T20:44:10.537Z] Failed to validate key PORT: Error: Key PORT is reserved for internal use.
[error] Error: Failed to load environment variables from .env.:
[error] - Error Key PORT is reserved for internal use.
